<?xml version="1.0" encoding="UTF-8"?>
<testsuites name="Login" time="88" tests="5" failures="0" errors="0">
   <testsuite name="Login" tests="5" failures="0" errors="0" time="88" timestamp="2019-02-21 17:28:48" hostname="dell - computer" id="Test Suites/Login">
      <properties>
         <property name="deviceName" value=""/>
         <property name="devicePlatform" value=""/>
         <property name="logFolder" value="C:\\Users\\dell\\Katalon Studio\\IIHT\\Reports\\Login\\20190221_172844"/>
         <property name="logFiles" value="C:\\Users\\dell\\Katalon Studio\\IIHT\\Reports\\Login\\20190221_172844\\execution0.log"/>
         <property name="attachments" value="C:\\Users\\dell\\Katalon Studio\\IIHT\\Reports\\Login\\20190221_172844\\1550750345667.png, C:\\Users\\dell\\Katalon Studio\\IIHT\\Reports\\Login\\20190221_172844\\1550750346291.png, C:\\Users\\dell\\Katalon Studio\\IIHT\\Reports\\Login\\20190221_172844\\1550750346769.png, C:\\Users\\dell\\Katalon Studio\\IIHT\\Reports\\Login\\20190221_172844\\1550750364803.png, C:\\Users\\dell\\Katalon Studio\\IIHT\\Reports\\Login\\20190221_172844\\1550750395921.png, C:\\Users\\dell\\Katalon Studio\\IIHT\\Reports\\Login\\20190221_172844\\1550750396376.png, C:\\Users\\dell\\Katalon Studio\\IIHT\\Reports\\Login\\20190221_172844\\1550750396825.png, C:\\Users\\dell\\Katalon Studio\\IIHT\\Reports\\Login\\20190221_172844\\1550750412993.png, C:\\Users\\dell\\Katalon Studio\\IIHT\\Reports\\Login\\20190221_172844\\1550750413469.png, C:\\Users\\dell\\Katalon Studio\\IIHT\\Reports\\Login\\20190221_172844\\1550750413957.png"/>
         <property name="hostName" value="dell - computer"/>
         <property name="os" value="Windows 8.1 64bit"/>
         <property name="katalonVersion" value="5.9.1.2"/>
         <property name="browser" value="Firefox 65.0"/>
         <property name="hostAddress" value="192.168.1.146"/>
         <property name="sessionId" value="e17a75dd-2608-4cf8-ba2b-2105211da392"/>
         <property name="seleniumVersion" value="3.7.1"/>
         <property name="proxyInformation" value="ProxyInformation{proxyOption=NO_PROXY, proxyServerType=HTTP, password=, proxyServerAddress=, proxyServerPort=0}"/>
         <property name="platform" value="Windows 8.1"/>
      </properties>
      <testcase name="Test Cases/TC1_Login" classname="Test Cases/TC1_Login" status="PASSED">
         <system-out><![CDATA[2019-02-21 17:28:48 - [TEST_CASE][PASSED] - Test Cases/TC1_Login: Test Cases/TC1_Login

2019-02-21 17:28:49 - [TEST_STEP][PASSED] - openBrowser(""): Browser is opened with url: ''

2019-02-21 17:28:50 - [MESSAGE][INFO] - Starting 'Firefox' driver

2019-02-21 17:28:50 - [MESSAGE][INFO] - Action delay is set to 0 seconds

2019-02-21 17:28:57 - [MESSAGE][PASSED] - Browser is opened with url: ''

2019-02-21 17:28:57 - [TEST_STEP][PASSED] - navigateToUrl("http://testingerp.epizy.com/?i=1"): Navigate to 'http://testingerp.epizy.com/?i=1' successfully

2019-02-21 17:29:02 - [MESSAGE][PASSED] - Navigate to 'http://testingerp.epizy.com/?i=1' successfully

2019-02-21 17:29:02 - [TEST_STEP][PASSED] - setText(findTestObject("Object Repository/Login/Page_IIHT ERP/input_Username _username"), username): Text 'admin' is set on object 'Object Repository/Login/Page_IIHT ERP/input_Username _username'

2019-02-21 17:29:02 - [MESSAGE][PASSED] - Text 'admin' is set on object 'Object Repository/Login/Page_IIHT ERP/input_Username _username'

2019-02-21 17:29:02 - [TEST_STEP][PASSED] - setText(findTestObject("Object Repository/Login/Page_IIHT ERP/input_Password _password"), password): Text 'admin' is set on object 'Object Repository/Login/Page_IIHT ERP/input_Password _password'

2019-02-21 17:29:03 - [MESSAGE][PASSED] - Text 'admin' is set on object 'Object Repository/Login/Page_IIHT ERP/input_Password _password'

2019-02-21 17:29:03 - [TEST_STEP][PASSED] - click(findTestObject("Object Repository/Login/Page_IIHT ERP/button_Login")): Object: 'Object Repository/Login/Page_IIHT ERP/button_Login' is clicked on

2019-02-21 17:29:03 - [MESSAGE][PASSED] - Object: 'Object Repository/Login/Page_IIHT ERP/button_Login' is clicked on

2019-02-21 17:29:03 - [TEST_STEP][PASSED] - delay(2): Delayed 2 second(s)

2019-02-21 17:29:05 - [MESSAGE][PASSED] - Delayed 2 second(s)

2019-02-21 17:29:05 - [TEST_STEP][PASSED] - if (verifyElementText(findTestObject("Login/Page_IIHT ERP/Username"), "This field is required.", OPTIONAL)): Actual text 'close
add_alert
Welcome admin' and expected text 'Please enter correct username and password' of test object 'Object Repository/Login/Page_IIHT ERP/Incorrectidpass' are NOT matched.

2019-02-21 17:29:06 - [MESSAGE][WARNING] - Actual text '' and expected text 'This field is required.' of test object 'Object Repository/Login/Page_IIHT ERP/Username' are NOT matched.
[[ATTACHMENT|C:\\Users\\dell\\Katalon Studio\\IIHT\\Reports\\Login\\20190221_172844\\1550750345667.png]]

2019-02-21 17:29:06 - [MESSAGE][WARNING] - Actual text '' and expected text 'This field is required.' of test object 'Object Repository/Login/Page_IIHT ERP/Password' are NOT matched.
[[ATTACHMENT|C:\\Users\\dell\\Katalon Studio\\IIHT\\Reports\\Login\\20190221_172844\\1550750346291.png]]

2019-02-21 17:29:07 - [MESSAGE][WARNING] - Actual text 'close
add_alert
Welcome admin' and expected text 'Please enter correct username and password' of test object 'Object Repository/Login/Page_IIHT ERP/Incorrectidpass' are NOT matched.
[[ATTACHMENT|C:\\Users\\dell\\Katalon Studio\\IIHT\\Reports\\Login\\20190221_172844\\1550750346769.png]]

2019-02-21 17:29:07 - [TEST_STEP][PASSED] - else if (verifyElementText(findTestObject("Login/Page_IIHT ERP/Password"), "This field is required.", OPTIONAL)): null

2019-02-21 17:29:07 - [TEST_STEP][PASSED] - else if (verifyElementText(findTestObject("Login/Page_IIHT ERP/Incorrectidpass"), "Please enter correct username and password", OPTIONAL)): null

2019-02-21 17:29:07 - [TEST_STEP][PASSED] - else: null

2019-02-21 17:29:07 - [TEST_STEP][PASSED] - comment("Username Not Verified"): null]]></system-out>
         <system-err><![CDATA[]]></system-err>
      </testcase>
      <testcase name="Test Cases/TC1_Login" classname="Test Cases/TC1_Login" status="PASSED">
         <system-out><![CDATA[2019-02-21 17:29:07 - [TEST_CASE][PASSED] - Test Cases/TC1_Login: Test Cases/TC1_Login

2019-02-21 17:29:07 - [TEST_STEP][PASSED] - openBrowser(""): Browser is opened with url: ''

2019-02-21 17:29:07 - [MESSAGE][WARNING] - A browser is already opened. Closing browser and opening a new one

2019-02-21 17:29:09 - [MESSAGE][INFO] - Starting 'Firefox' driver

2019-02-21 17:29:15 - [MESSAGE][PASSED] - Browser is opened with url: ''

2019-02-21 17:29:15 - [TEST_STEP][PASSED] - navigateToUrl("http://testingerp.epizy.com/?i=1"): Navigate to 'http://testingerp.epizy.com/?i=1' successfully

2019-02-21 17:29:22 - [MESSAGE][PASSED] - Navigate to 'http://testingerp.epizy.com/?i=1' successfully

2019-02-21 17:29:22 - [TEST_STEP][PASSED] - setText(findTestObject("Object Repository/Login/Page_IIHT ERP/input_Username _username"), username): Text 'admin' is set on object 'Object Repository/Login/Page_IIHT ERP/input_Username _username'

2019-02-21 17:29:22 - [MESSAGE][PASSED] - Text 'admin' is set on object 'Object Repository/Login/Page_IIHT ERP/input_Username _username'

2019-02-21 17:29:22 - [TEST_STEP][PASSED] - setText(findTestObject("Object Repository/Login/Page_IIHT ERP/input_Password _password"), password): Text '' is set on object 'Object Repository/Login/Page_IIHT ERP/input_Password _password'

2019-02-21 17:29:22 - [MESSAGE][PASSED] - Text '' is set on object 'Object Repository/Login/Page_IIHT ERP/input_Password _password'

2019-02-21 17:29:22 - [TEST_STEP][PASSED] - click(findTestObject("Object Repository/Login/Page_IIHT ERP/button_Login")): Object: 'Object Repository/Login/Page_IIHT ERP/button_Login' is clicked on

2019-02-21 17:29:22 - [MESSAGE][PASSED] - Object: 'Object Repository/Login/Page_IIHT ERP/button_Login' is clicked on

2019-02-21 17:29:22 - [TEST_STEP][PASSED] - delay(2): Delayed 2 second(s)

2019-02-21 17:29:24 - [MESSAGE][PASSED] - Delayed 2 second(s)

2019-02-21 17:29:24 - [TEST_STEP][PASSED] - if (verifyElementText(findTestObject("Login/Page_IIHT ERP/Username"), "This field is required.", OPTIONAL)): Actual text and expected text of test object 'Object Repository/Login/Page_IIHT ERP/Password' are matched.

2019-02-21 17:29:25 - [MESSAGE][WARNING] - Actual text '' and expected text 'This field is required.' of test object 'Object Repository/Login/Page_IIHT ERP/Username' are NOT matched.
[[ATTACHMENT|C:\\Users\\dell\\Katalon Studio\\IIHT\\Reports\\Login\\20190221_172844\\1550750364803.png]]

2019-02-21 17:29:25 - [MESSAGE][PASSED] - Actual text and expected text of test object 'Object Repository/Login/Page_IIHT ERP/Password' are matched.

2019-02-21 17:29:25 - [TEST_STEP][PASSED] - else if (verifyElementText(findTestObject("Login/Page_IIHT ERP/Password"), "This field is required.", OPTIONAL)): null

2019-02-21 17:29:25 - [TEST_STEP][PASSED] - comment("Password Verified"): null]]></system-out>
         <system-err><![CDATA[]]></system-err>
      </testcase>
      <testcase name="Test Cases/TC1_Login" classname="Test Cases/TC1_Login" status="PASSED">
         <system-out><![CDATA[2019-02-21 17:29:25 - [TEST_CASE][PASSED] - Test Cases/TC1_Login: Test Cases/TC1_Login

2019-02-21 17:29:25 - [TEST_STEP][PASSED] - openBrowser(""): Browser is opened with url: ''

2019-02-21 17:29:25 - [MESSAGE][WARNING] - A browser is already opened. Closing browser and opening a new one

2019-02-21 17:29:27 - [MESSAGE][INFO] - Starting 'Firefox' driver

2019-02-21 17:29:32 - [MESSAGE][PASSED] - Browser is opened with url: ''

2019-02-21 17:29:32 - [TEST_STEP][PASSED] - navigateToUrl("http://testingerp.epizy.com/?i=1"): Navigate to 'http://testingerp.epizy.com/?i=1' successfully

2019-02-21 17:29:37 - [MESSAGE][PASSED] - Navigate to 'http://testingerp.epizy.com/?i=1' successfully

2019-02-21 17:29:37 - [TEST_STEP][PASSED] - setText(findTestObject("Object Repository/Login/Page_IIHT ERP/input_Username _username"), username): Text '' is set on object 'Object Repository/Login/Page_IIHT ERP/input_Username _username'

2019-02-21 17:29:37 - [MESSAGE][PASSED] - Text '' is set on object 'Object Repository/Login/Page_IIHT ERP/input_Username _username'

2019-02-21 17:29:37 - [TEST_STEP][PASSED] - setText(findTestObject("Object Repository/Login/Page_IIHT ERP/input_Password _password"), password): Text 'admin' is set on object 'Object Repository/Login/Page_IIHT ERP/input_Password _password'

2019-02-21 17:29:38 - [MESSAGE][PASSED] - Text 'admin' is set on object 'Object Repository/Login/Page_IIHT ERP/input_Password _password'

2019-02-21 17:29:38 - [TEST_STEP][PASSED] - click(findTestObject("Object Repository/Login/Page_IIHT ERP/button_Login")): Object: 'Object Repository/Login/Page_IIHT ERP/button_Login' is clicked on

2019-02-21 17:29:38 - [MESSAGE][PASSED] - Object: 'Object Repository/Login/Page_IIHT ERP/button_Login' is clicked on

2019-02-21 17:29:38 - [TEST_STEP][PASSED] - delay(2): Delayed 2 second(s)

2019-02-21 17:29:40 - [MESSAGE][PASSED] - Delayed 2 second(s)

2019-02-21 17:29:40 - [TEST_STEP][PASSED] - if (verifyElementText(findTestObject("Login/Page_IIHT ERP/Username"), "This field is required.", OPTIONAL)): null

2019-02-21 17:29:40 - [MESSAGE][PASSED] - Actual text and expected text of test object 'Object Repository/Login/Page_IIHT ERP/Username' are matched.

2019-02-21 17:29:40 - [TEST_STEP][PASSED] - comment("Username Verified"): null]]></system-out>
         <system-err><![CDATA[]]></system-err>
      </testcase>
      <testcase name="Test Cases/TC1_Login" classname="Test Cases/TC1_Login" status="PASSED">
         <system-out><![CDATA[2019-02-21 17:29:40 - [TEST_CASE][PASSED] - Test Cases/TC1_Login: Test Cases/TC1_Login

2019-02-21 17:29:40 - [TEST_STEP][PASSED] - openBrowser(""): Browser is opened with url: ''

2019-02-21 17:29:40 - [MESSAGE][WARNING] - A browser is already opened. Closing browser and opening a new one

2019-02-21 17:29:42 - [MESSAGE][INFO] - Starting 'Firefox' driver

2019-02-21 17:29:47 - [MESSAGE][PASSED] - Browser is opened with url: ''

2019-02-21 17:29:47 - [TEST_STEP][PASSED] - navigateToUrl("http://testingerp.epizy.com/?i=1"): Navigate to 'http://testingerp.epizy.com/?i=1' successfully

2019-02-21 17:29:53 - [MESSAGE][PASSED] - Navigate to 'http://testingerp.epizy.com/?i=1' successfully

2019-02-21 17:29:53 - [TEST_STEP][PASSED] - setText(findTestObject("Object Repository/Login/Page_IIHT ERP/input_Username _username"), username): Text 'admin' is set on object 'Object Repository/Login/Page_IIHT ERP/input_Username _username'

2019-02-21 17:29:53 - [MESSAGE][PASSED] - Text 'admin' is set on object 'Object Repository/Login/Page_IIHT ERP/input_Username _username'

2019-02-21 17:29:53 - [TEST_STEP][PASSED] - setText(findTestObject("Object Repository/Login/Page_IIHT ERP/input_Password _password"), password): Text 'suchi' is set on object 'Object Repository/Login/Page_IIHT ERP/input_Password _password'

2019-02-21 17:29:53 - [MESSAGE][PASSED] - Text 'suchi' is set on object 'Object Repository/Login/Page_IIHT ERP/input_Password _password'

2019-02-21 17:29:53 - [TEST_STEP][PASSED] - click(findTestObject("Object Repository/Login/Page_IIHT ERP/button_Login")): Object: 'Object Repository/Login/Page_IIHT ERP/button_Login' is clicked on

2019-02-21 17:29:53 - [MESSAGE][PASSED] - Object: 'Object Repository/Login/Page_IIHT ERP/button_Login' is clicked on

2019-02-21 17:29:53 - [TEST_STEP][PASSED] - delay(2): Delayed 2 second(s)

2019-02-21 17:29:55 - [MESSAGE][PASSED] - Delayed 2 second(s)

2019-02-21 17:29:55 - [TEST_STEP][PASSED] - if (verifyElementText(findTestObject("Login/Page_IIHT ERP/Username"), "This field is required.", OPTIONAL)): Actual text 'close
add_alert
Please enter correct username and password' and expected text 'Please enter correct username and password' of test object 'Object Repository/Login/Page_IIHT ERP/Incorrectidpass' are NOT matched.

2019-02-21 17:29:56 - [MESSAGE][WARNING] - Actual text '' and expected text 'This field is required.' of test object 'Object Repository/Login/Page_IIHT ERP/Username' are NOT matched.
[[ATTACHMENT|C:\\Users\\dell\\Katalon Studio\\IIHT\\Reports\\Login\\20190221_172844\\1550750395921.png]]

2019-02-21 17:29:56 - [MESSAGE][WARNING] - Actual text '' and expected text 'This field is required.' of test object 'Object Repository/Login/Page_IIHT ERP/Password' are NOT matched.
[[ATTACHMENT|C:\\Users\\dell\\Katalon Studio\\IIHT\\Reports\\Login\\20190221_172844\\1550750396376.png]]

2019-02-21 17:29:57 - [MESSAGE][WARNING] - Actual text 'close
add_alert
Please enter correct username and password' and expected text 'Please enter correct username and password' of test object 'Object Repository/Login/Page_IIHT ERP/Incorrectidpass' are NOT matched.
[[ATTACHMENT|C:\\Users\\dell\\Katalon Studio\\IIHT\\Reports\\Login\\20190221_172844\\1550750396825.png]]

2019-02-21 17:29:57 - [TEST_STEP][PASSED] - else if (verifyElementText(findTestObject("Login/Page_IIHT ERP/Password"), "This field is required.", OPTIONAL)): null

2019-02-21 17:29:57 - [TEST_STEP][PASSED] - else if (verifyElementText(findTestObject("Login/Page_IIHT ERP/Incorrectidpass"), "Please enter correct username and password", OPTIONAL)): null

2019-02-21 17:29:57 - [TEST_STEP][PASSED] - else: null

2019-02-21 17:29:57 - [TEST_STEP][PASSED] - comment("Username Not Verified"): null]]></system-out>
         <system-err><![CDATA[]]></system-err>
      </testcase>
      <testcase name="Test Cases/TC1_Login" classname="Test Cases/TC1_Login" status="PASSED">
         <system-out><![CDATA[2019-02-21 17:29:57 - [TEST_CASE][PASSED] - Test Cases/TC1_Login: Test Cases/TC1_Login

2019-02-21 17:29:57 - [TEST_STEP][PASSED] - openBrowser(""): Browser is opened with url: ''

2019-02-21 17:29:57 - [MESSAGE][WARNING] - A browser is already opened. Closing browser and opening a new one

2019-02-21 17:29:59 - [MESSAGE][INFO] - Starting 'Firefox' driver

2019-02-21 17:30:04 - [MESSAGE][PASSED] - Browser is opened with url: ''

2019-02-21 17:30:05 - [TEST_STEP][PASSED] - navigateToUrl("http://testingerp.epizy.com/?i=1"): Navigate to 'http://testingerp.epizy.com/?i=1' successfully

2019-02-21 17:30:10 - [MESSAGE][PASSED] - Navigate to 'http://testingerp.epizy.com/?i=1' successfully

2019-02-21 17:30:10 - [TEST_STEP][PASSED] - setText(findTestObject("Object Repository/Login/Page_IIHT ERP/input_Username _username"), username): Text 'suchi' is set on object 'Object Repository/Login/Page_IIHT ERP/input_Username _username'

2019-02-21 17:30:10 - [MESSAGE][PASSED] - Text 'suchi' is set on object 'Object Repository/Login/Page_IIHT ERP/input_Username _username'

2019-02-21 17:30:10 - [TEST_STEP][PASSED] - setText(findTestObject("Object Repository/Login/Page_IIHT ERP/input_Password _password"), password): Text 'aa' is set on object 'Object Repository/Login/Page_IIHT ERP/input_Password _password'

2019-02-21 17:30:10 - [MESSAGE][PASSED] - Text 'aa' is set on object 'Object Repository/Login/Page_IIHT ERP/input_Password _password'

2019-02-21 17:30:10 - [TEST_STEP][PASSED] - click(findTestObject("Object Repository/Login/Page_IIHT ERP/button_Login")): Object: 'Object Repository/Login/Page_IIHT ERP/button_Login' is clicked on

2019-02-21 17:30:10 - [MESSAGE][PASSED] - Object: 'Object Repository/Login/Page_IIHT ERP/button_Login' is clicked on

2019-02-21 17:30:10 - [TEST_STEP][PASSED] - delay(2): Delayed 2 second(s)

2019-02-21 17:30:12 - [MESSAGE][PASSED] - Delayed 2 second(s)

2019-02-21 17:30:12 - [TEST_STEP][PASSED] - if (verifyElementText(findTestObject("Login/Page_IIHT ERP/Username"), "This field is required.", OPTIONAL)): Actual text 'close
add_alert
Please enter correct username and password' and expected text 'Please enter correct username and password' of test object 'Object Repository/Login/Page_IIHT ERP/Incorrectidpass' are NOT matched.

2019-02-21 17:30:13 - [MESSAGE][WARNING] - Actual text '' and expected text 'This field is required.' of test object 'Object Repository/Login/Page_IIHT ERP/Username' are NOT matched.
[[ATTACHMENT|C:\\Users\\dell\\Katalon Studio\\IIHT\\Reports\\Login\\20190221_172844\\1550750412993.png]]

2019-02-21 17:30:13 - [MESSAGE][WARNING] - Actual text '' and expected text 'This field is required.' of test object 'Object Repository/Login/Page_IIHT ERP/Password' are NOT matched.
[[ATTACHMENT|C:\\Users\\dell\\Katalon Studio\\IIHT\\Reports\\Login\\20190221_172844\\1550750413469.png]]

2019-02-21 17:30:14 - [MESSAGE][WARNING] - Actual text 'close
add_alert
Please enter correct username and password' and expected text 'Please enter correct username and password' of test object 'Object Repository/Login/Page_IIHT ERP/Incorrectidpass' are NOT matched.
[[ATTACHMENT|C:\\Users\\dell\\Katalon Studio\\IIHT\\Reports\\Login\\20190221_172844\\1550750413957.png]]

2019-02-21 17:30:14 - [TEST_STEP][PASSED] - else if (verifyElementText(findTestObject("Login/Page_IIHT ERP/Password"), "This field is required.", OPTIONAL)): null

2019-02-21 17:30:14 - [TEST_STEP][PASSED] - else if (verifyElementText(findTestObject("Login/Page_IIHT ERP/Incorrectidpass"), "Please enter correct username and password", OPTIONAL)): null

2019-02-21 17:30:14 - [TEST_STEP][PASSED] - else: null

2019-02-21 17:30:14 - [TEST_STEP][PASSED] - comment("Username Not Verified"): null]]></system-out>
         <system-err><![CDATA[]]></system-err>
      </testcase>
      <system-out><![CDATA[2019-02-21 17:28:48 - [TEST_SUITE][PASSED] - Login: Test Cases/TC1_Login]]></system-out>
      <system-err><![CDATA[]]></system-err>
   </testsuite>
</testsuites>
